This is pdfTeX, Version 3.14159265-2.6-1.40.20 (MiKTeX 2.9.7000 64-bit) (preloaded format=pdflatex 2019.4.13)  19 DEC 2021 15:50
entering extended mode
**"c:/Users/Oren Kereth/Dropbox/LAB C1/Molecular Spectroscopy/Report.tex"
("c:/Users/Oren Kereth/Dropbox/LAB C1/Molecular Spectroscopy/Report.tex"
LaTeX2e <2018-12-01>
("C:\Program Files\MiKTeX 2.9\tex/latex/revtex\revtex4-2.cls"
Document Class: revtex4-2 2020/10/03 4.2e (https://journals.aps.org/revtex/ for documentation)
 Copyright (c) 2019 American Physical Society.
 mailto:revtex@aps.org
 Licensed under the LPPL:
http://www.ctan.org/tex-archive/macros/latex/base/lppl.txt
 Arthur Ogawa <arthur_ogawa at sbcglobal dot net>
 Based on work by David Carlisle <david at dcarlisle.demon.co.uk>
 Version (4.2d,4.2e): Modified by Mark Doyle and Phelype Oleinik
 .
ltxutil[2020/10/03 4.2e utilities package (portions licensed from W. E. Baxter web at superscript.com)]
LaTeX Info: Redefining \@centercr on input line 356.
Class revtex4-2 Info: Repairing broken LaTeX eqnarray on input line 406.
\eqncolsep=\skip41
Class revtex4-2 Info: Repairing hyperref-unfriendly LaTeX definition of \mpfootnote on input line 481.
Class revtex4-2 Info: Repairing broken LateX \@sect on input line 803.
\intertabularlinepenalty=\count80
\@tbpen=\count81
\@arstrutbox@hline=\box27
Class revtex4-2 Info: Repairing broken LaTeX \@xbitor on input line 1834.
Class revtex4-2 Info: Making \typeout \long on input line 2099.
ltxfront[2020/10/03 4.2e frontmatter package (AO,DPC,MD)]
\c@affil=\count82
\c@collab=\count83
\absbox=\box28
ltxgrid[2020/10/03 4.2e page grid package (portions licensed from W. E. Baxter web at superscript.com)]
\c@linecount=\count84
\output@latex=\toks14
\box@size@1=\box29
\box@size@2=\box30
\@protection@box=\box31
\@topmark@saved=\toks15
\footins@saved=\box32
\footins@recovered=\box33
\column@recovered=\box34
\pagesofar=\box35
\footsofar=\box36
\pagegrid@col=\count85
Class revtex4-2 Info: Overriding \@vspace, \@vspacer, \@no@pgbk, \@newline, and \\  on input line 5665.
\c@part=\count86
\c@section=\count87
\c@subsection=\count88
\c@subsubsection=\count89
\c@paragraph=\count90
\c@subparagraph=\count91
\abovecaptionskip=\skip42
\belowcaptionskip=\skip43
\c@figure=\count92
\fbox@1=\box37
\c@table=\count93
\fbox@2=\box38
\c@video=\count94
\fbox@4=\box39
\@bibdataout=\write3
\widetext@top=\box40
\widetext@bot=\box41
Class revtex4-2 Info: Selecting society aps on input line 7658.
("C:\Program Files\MiKTeX 2.9\tex/latex/revtex\aps4-2.rtx"
File: aps4-2 2020/10/03 4.2e (https://journals.aps.org/revtex/ for documentation)
Class revtex4-2 Info: RevTeX society APS selected on input line 40.
)
Class revtex4-2 Info: Selecting journal prl on input line 7660.
Class revtex4-2 Info: APS journal PRL selected on input line 7661.
 ("C:\Program Files\MiKTeX 2.9\tex/latex/revtex\aps10pt4-2.rtx"
File: aps10pt4-2 2020/10/03 4.2e (https://journals.aps.org/revtex/ for documentation)
Class revtex4-2 Info: RevTeX pointsize 10pt selected on input line 39.
) ("C:\Program Files\MiKTeX 2.9\tex/latex/textcase\textcase.sty"
Package: textcase 2019/09/14 v1.00 Text only upper/lower case changing (DPC)
) ("C:\Program Files\MiKTeX 2.9\tex/latex/amsfonts\amssymb.sty"
Package: amssymb 2013/01/14 v3.01 AMS font symbols
 ("C:\Program Files\MiKTeX 2.9\tex/latex/amsfonts\amsfonts.sty"
Package: amsfonts 2013/01/14 v3.01 Basic AMSFonts support
\@emptytoks=\toks16
\symAMSa=\mathgroup4
\symAMSb=\mathgroup5
LaTeX Font Info:    Overwriting math alphabet `\mathfrak' in version `bold'
(Font)                  U/euf/m/n --> U/euf/b/n on input line 106.
)) ("C:\Program Files\MiKTeX 2.9\tex/latex/amsmath\amsmath.sty"
Package: amsmath 2018/12/01 v2.17b AMS math features
\@mathmargin=\skip44

For additional information on amsmath, use the `?' option.
("C:\Program Files\MiKTeX 2.9\tex/latex/amsmath\amstext.sty"
Package: amstext 2000/06/29 v2.01 AMS text
 ("C:\Program Files\MiKTeX 2.9\tex/latex/amsmath\amsgen.sty"
File: amsgen.sty 1999/11/30 v2.0 generic functions
\@emptytoks=\toks17
\ex@=\dimen102
)
LaTeX Info: Redefining \text on input line 28.
) ("C:\Program Files\MiKTeX 2.9\tex/latex/amsmath\amsbsy.sty"
Package: amsbsy 1999/11/29 v1.2d Bold Symbols
\pmbraise@=\dimen103
) ("C:\Program Files\MiKTeX 2.9\tex/latex/amsmath\amsopn.sty"
Package: amsopn 2016/03/08 v2.02 operator names
)
\inf@bad=\count95
LaTeX Info: Redefining \frac on input line 223.
\uproot@=\count96
\leftroot@=\count97
LaTeX Info: Redefining \overline on input line 385.
\classnum@=\count98
\DOTSCASE@=\count99
LaTeX Info: Redefining \ldots on input line 482.
LaTeX Info: Redefining \dots on input line 485.
LaTeX Info: Redefining \cdots on input line 606.
\Mathstrutbox@=\box42
\strutbox@=\box43
\big@size=\dimen104
LaTeX Font Info:    Redeclaring font encoding OML on input line 729.
LaTeX Font Info:    Redeclaring font encoding OMS on input line 730.
\macc@depth=\count100
\c@MaxMatrixCols=\count101
\dotsspace@=\muskip10
\c@parentequation=\count102
\dspbrk@lvl=\count103
\tag@help=\toks18
\row@=\count104
\column@=\count105
\maxfields@=\count106
\andhelp@=\toks19
\eqnshift@=\dimen105
\alignsep@=\dimen106
\tagshift@=\dimen107
\tagwidth@=\dimen108
\totwidth@=\dimen109
\lineht@=\dimen110
\@envbody=\toks20
\multlinegap=\skip45
\multlinetaggap=\skip46
\mathdisplay@stack=\toks21
LaTeX Info: Redefining \[ on input line 2844.
LaTeX Info: Redefining \] on input line 2845.
) ("C:\Program Files\MiKTeX 2.9\tex/latex/url\url.sty"
\Urlmuskip=\muskip11
Package: url 2013/09/16  ver 3.4  Verb mode for urls, etc.
) ("C:\Program Files\MiKTeX 2.9\tex/latex/natbib\natbib.sty"
Package: natbib 2010/09/13 8.31b (PWD, AO)
\bibhang=\skip47
\bibsep=\skip48
LaTeX Info: Redefining \cite on input line 694.
\c@NAT@ctr=\count107
)
Class revtex4-2 Info: Repairing natbib's \BibitemShut on input line 7665.
 ("C:\Program Files\MiKTeX 2.9\tex/latex/revtex\revsymb4-2.sty"
Package: revsymb4-2 2020/10/03 4.2e (https://journals.aps.org/revtex/ for documentation)
LaTeX Info: Redefining \frak on input line 104.
LaTeX Info: Redefining \Bbb on input line 120.
LaTeX Info: Redefining \REV@mathfrak on input line 128.
)) ("C:\Program Files\MiKTeX 2.9\tex/latex/graphics\graphicx.sty"
Package: graphicx 2017/06/01 v1.1a Enhanced LaTeX Graphics (DPC,SPQR)
 ("C:\Program Files\MiKTeX 2.9\tex/latex/graphics\keyval.sty"
Package: keyval 2014/10/28 v1.15 key=value parser (DPC)
\KV@toks@=\toks22
) ("C:\Program Files\MiKTeX 2.9\tex/latex/graphics\graphics.sty"
Package: graphics 2017/06/25 v1.2c Standard LaTeX Graphics (DPC,SPQR)
 ("C:\Program Files\MiKTeX 2.9\tex/latex/graphics\trig.sty"
Package: trig 2016/01/03 v1.10 sin cos tan (DPC)
) ("C:\Program Files\MiKTeX 2.9\tex/latex/graphics-cfg\graphics.cfg"
File: graphics.cfg 2016/06/04 v1.11 sample graphics configuration
)
Package graphics Info: Driver file: pdftex.def on input line 99.
 ("C:\Program Files\MiKTeX 2.9\tex/latex/graphics-def\pdftex.def"
File: pdftex.def 2018/01/08 v1.0l Graphics/color driver for pdftex
))
\Gin@req@height=\dimen111
\Gin@req@width=\dimen112
) ("C:\Program Files\MiKTeX 2.9\tex/latex/tools\dcolumn.sty"
Package: dcolumn 2014/10/28 v1.06 decimal alignment package (DPC)
 ("C:\Program Files\MiKTeX 2.9\tex/latex/tools\array.sty"
Package: array 2018/12/30 v2.4k Tabular extension package (FMi)
\col@sep=\dimen113
\ar@mcellbox=\box44
\extrarowheight=\dimen114
\NC@list=\toks23
\extratabsurround=\skip49
\backup@length=\skip50
\ar@cellbox=\box45
)) ("C:\Program Files\MiKTeX 2.9\tex/latex/tools\bm.sty"
Package: bm 2017/01/16 v1.2c Bold Symbol Support (DPC/FMi)
\symboldoperators=\mathgroup6
\symboldletters=\mathgroup7
\symboldsymbols=\mathgroup8
LaTeX Font Info:    Redeclaring math alphabet \mathbf on input line 141.
LaTeX Info: Redefining \bm on input line 207.
) ("C:\Program Files\MiKTeX 2.9\tex/latex/chngcntr\chngcntr.sty"
Package: chngcntr 2018/04/09 v1.1a change counter resetting
Package chngcntr Info: \counterwithout already defined.
(chngcntr)             Quitting chngcntr on input line 21.
)
Class revtex4-2 Info: Unrecognized array package. Please update this document class! (Proceeding with fingers crossed.) on input line 14.
Class revtex4-2 Info: Robustifying \LaTeX's \boldmath command on input line 14.
Class revtex4-2 Info: cite was not loaded (OK!) on input line 14.
Class revtex4-2 Info: mcite was not loaded (OK!) on input line 14.
Class revtex4-2 Info: multicol was not loaded (OK!) on input line 14.

No file Report.aux.
\openout1 = `Report.aux'.

LaTeX Font Info:    Checking defaults for OML/cmm/m/it on input line 14.
LaTeX Font Info:    ... okay on input line 14.
LaTeX Font Info:    Checking defaults for T1/cmr/m/n on input line 14.
LaTeX Font Info:    ... okay on input line 14.
LaTeX Font Info:    Checking defaults for OT1/cmr/m/n on input line 14.
LaTeX Font Info:    ... okay on input line 14.
LaTeX Font Info:    Checking defaults for OMS/cmsy/m/n on input line 14.
LaTeX Font Info:    ... okay on input line 14.
LaTeX Font Info:    Checking defaults for OMX/cmex/m/n on input line 14.
LaTeX Font Info:    ... okay on input line 14.
LaTeX Font Info:    Checking defaults for U/cmr/m/n on input line 14.
LaTeX Font Info:    ... okay on input line 14.
("C:\Program Files\MiKTeX 2.9\tex/context/base/mkii\supp-pdf.mkii"
[Loading MPS to PDF converter (version 2006.09.02).]
\scratchcounter=\count108
\scratchdimen=\dimen115
\scratchbox=\box46
\nofMPsegments=\count109
\nofMParguments=\count110
\everyMPshowfont=\toks24
\MPscratchCnt=\count111
\MPscratchDim=\dimen116
\MPnumerator=\count112
\makeMPintoPDFobject=\count113
\everyMPtoPDFconversion=\toks25
) ("C:\Program Files\MiKTeX 2.9\tex/latex/oberdiek\epstopdf-base.sty"
Package: epstopdf-base 2016/05/15 v2.6 Base part for package epstopdf
 ("C:\Program Files\MiKTeX 2.9\tex/generic/oberdiek\infwarerr.sty"
Package: infwarerr 2016/05/16 v1.4 Providing info/warning/error messages (HO)
) ("C:\Program Files\MiKTeX 2.9\tex/latex/oberdiek\grfext.sty"
Package: grfext 2016/05/16 v1.2 Manage graphics extensions (HO)
 ("C:\Program Files\MiKTeX 2.9\tex/generic/oberdiek\kvdefinekeys.sty"
Package: kvdefinekeys 2016/05/16 v1.4 Define keys (HO)
 ("C:\Program Files\MiKTeX 2.9\tex/generic/oberdiek\ltxcmds.sty"
Package: ltxcmds 2016/05/16 v1.23 LaTeX kernel commands for general use (HO)
))) ("C:\Program Files\MiKTeX 2.9\tex/latex/oberdiek\kvoptions.sty"
Package: kvoptions 2016/05/16 v3.12 Key value format for package options (HO)
 ("C:\Program Files\MiKTeX 2.9\tex/generic/oberdiek\kvsetkeys.sty"
Package: kvsetkeys 2016/05/16 v1.17 Key value parser (HO)
 ("C:\Program Files\MiKTeX 2.9\tex/generic/oberdiek\etexcmds.sty"
Package: etexcmds 2016/05/16 v1.6 Avoid name clashes with e-TeX commands (HO)
 ("C:\Program Files\MiKTeX 2.9\tex/generic/oberdiek\ifluatex.sty"
Package: ifluatex 2016/05/16 v1.4 Provides the ifluatex switch (HO)
Package ifluatex Info: LuaTeX not detected.
)))) ("C:\Program Files\MiKTeX 2.9\tex/generic/oberdiek\pdftexcmds.sty"
Package: pdftexcmds 2018/09/10 v0.29 Utility functions of pdfTeX for LuaTeX (HO)
 ("C:\Program Files\MiKTeX 2.9\tex/generic/oberdiek\ifpdf.sty"
Package: ifpdf 2018/09/07 v3.3 Provides the ifpdf switch
)
Package pdftexcmds Info: LuaTeX not detected.
Package pdftexcmds Info: \pdf@primitive is available.
Package pdftexcmds Info: \pdf@ifprimitive is available.
Package pdftexcmds Info: \pdfdraftmode found.
)
Package epstopdf-base Info: Redefining graphics rule for `.eps' on input line 438.
Package grfext Info: Graphics extension search list:
(grfext)             [.pdf,.png,.jpg,.mps,.jpeg,.jbig2,.jb2,.PDF,.PNG,.JPG,.JPEG,.JBIG2,.JB2,.eps]
(grfext)             \AppendGraphicsExtensions on input line 456.
)
\openout3 = `ReportNotes.bib'.



Package natbib Warning: Citation `spechistory' on page 1 undefined on input line 50.


LaTeX Warning: File `Images/Thin film.png' not found on input line 56.


c:/Users/Oren Kereth/Dropbox/LAB C1/Molecular Spectroscopy/Report.tex:56: Package pdftex.def Error: File `Images/Thin film.png' not found: using draft setting.

See the pdftex.def package documentation for explanation.
Type  H <return>  for immediate help
Try typing  <return>  to proceed.
If that doesn't work, type  X <return>  to quit.


LaTeX Warning: `h' float specifier changed to `ht'.

LaTeX Font Info:    Try loading font information for U+msa on input line 62.
("C:\Program Files\MiKTeX 2.9\tex/latex/amsfonts\umsa.fd"
File: umsa.fd 2013/01/14 v3.01 AMS symbols A
)
LaTeX Font Info:    Try loading font information for U+msb on input line 62.
 ("C:\Program Files\MiKTeX 2.9\tex/latex/amsfonts\umsb.fd"
File: umsb.fd 2013/01/14 v3.01 AMS symbols B
) [1{C:/Users/Oren Kereth/AppData/Local/MiKTeX/2.9/pdftex/config/pdftex.map}]

Package natbib Warning: Citation `alpert' on page 2 undefined on input line 84.


Package natbib Warning: Citation `griffithsQM' on page 2 undefined on input line 92.


Package natbib Warning: Citation `alpert' on page 2 undefined on input line 92.


Package natbib Warning: Citation `samurai' on page 2 undefined on input line 92.


Package natbib Warning: Citation `griffithsQM' on page 2 undefined on input line 100.


Package natbib Warning: Citation `stuart' on page 2 undefined on input line 114.


LaTeX Warning: File `Images/INTERFEROMETER.png' not found on input line 116.


c:/Users/Oren Kereth/Dropbox/LAB C1/Molecular Spectroscopy/Report.tex:116: Package pdftex.def Error: File `Images/INTERFEROMETER.png' not found: using draft setting.

See the pdftex.def package documentation for explanation.
Type  H <return>  for immediate help
Try typing  <return>  to proceed.
If that doesn't work, type  X <return>  to quit.


Package natbib Warning: Citation `stuart' on page 2 undefined on input line 117.

[2]

Package natbib Warning: Citation `FTIRmanual' on page 3 undefined on input line 126.


LaTeX Warning: File `Images/FTIR LAYOUT.png' not found on input line 128.


c:/Users/Oren Kereth/Dropbox/LAB C1/Molecular Spectroscopy/Report.tex:128: Package pdftex.def Error: File `Images/FTIR LAYOUT.png' not found: using draft setting.

See the pdftex.def package documentation for explanation.
Type  H <return>  for immediate help
Try typing  <return>  to proceed.
If that doesn't work, type  X <return>  to quit.


Package natbib Warning: Citation `FTIRmanual' on page 3 undefined on input line 129.


Package natbib Warning: Citation `FTIRmanual' on page 3 undefined on input line 134.


Package natbib Warning: Citation `stuart' on page 3 undefined on input line 134.


LaTeX Warning: File `Images/ATR.png' not found on input line 139.


c:/Users/Oren Kereth/Dropbox/LAB C1/Molecular Spectroscopy/Report.tex:139: Package pdftex.def Error: File `Images/ATR.png' not found: using draft setting.

See the pdftex.def package documentation for explanation.
Type  H <return>  for immediate help
Try typing  <return>  to proceed.
If that doesn't work, type  X <return>  to quit.


Package natbib Warning: Citation `wiki:ATR' on page 3 undefined on input line 140.


LaTeX Warning: Reference `eq:ThinDiffWavenum' on page 3 undefined on input line 147.

[3]

LaTeX Warning: Reference `eq:BeerLambert' on page 4 undefined on input line 155.


LaTeX Warning: File `Images/COEnergystates.jpg' not found on input line 170.


c:/Users/Oren Kereth/Dropbox/LAB C1/Molecular Spectroscopy/Report.tex:170: Package pdftex.def Error: File `Images/COEnergystates.jpg' not found: using draft setting.

See the pdftex.def package documentation for explanation.
Type  H <return>  for immediate help
Try typing  <return>  to proceed.
If that doesn't work, type  X <return>  to quit.


LaTeX Warning: `h' float specifier changed to `ht'.


Package natbib Warning: Citation `numerical' on page 4 undefined on input line 191.


LaTeX Warning: File `Images/EthanolAbsorption.jpg' not found on input line 193.


c:/Users/Oren Kereth/Dropbox/LAB C1/Molecular Spectroscopy/Report.tex:193: Package pdftex.def Error: File `Images/EthanolAbsorption.jpg' not found: using draft setting.

See the pdftex.def package documentation for explanation.
Type  H <return>  for immediate help
Try typing  <return>  to proceed.
If that doesn't work, type  X <return>  to quit.

[4]

LaTeX Warning: Reference `eq:EthanolLinFit' on page 5 undefined on input line 199.


c:/Users/Oren Kereth/Dropbox/LAB C1/Molecular Spectroscopy/Report.tex:201: LaTeX Error: File `Images/linear_fittingethanol' not found.

See the LaTeX manual or LaTeX Companion for explanation.
Type  H <return>  for immediate help
I could not locate the file with any of these extensions:
.pdf,.png,.jpg,.mps,.jpeg,.jbig2,.jb2,.PDF,.PNG,.JPG,.JPEG,.JBIG2,.JB2,.eps
Try typing  <return>  to proceed.
If that doesn't work, type  X <return>  to quit.


Underfull \hbox (badness 10000) in paragraph at lines 211--211
[]|\OT1/cmr/m/n/9 Error (Rel-a-
 []


Underfull \hbox (badness 6708) in paragraph at lines 224--224
[]|\OT1/cmr/m/n/9 Concentration Er-
 []


Overfull \hbox (9.00337pt too wide) in paragraph at lines 220--229
 []$[]$ 
 []


LaTeX Warning: `h' float specifier changed to `ht'.


LaTeX Warning: Reference `eq:CO_EnrgStatesFit' on page 5 undefined on input line 239.


LaTeX Warning: File `Images/polynomial_3_fitting.png' not found on input line 241.


c:/Users/Oren Kereth/Dropbox/LAB C1/Molecular Spectroscopy/Report.tex:241: Package pdftex.def Error: File `Images/polynomial_3_fitting.png' not found: using draft setting.

See the pdftex.def package documentation for explanation.
Type  H <return>  for immediate help
Try typing  <return>  to proceed.
If that doesn't work, type  X <return>  to quit.


LaTeX Warning: Reference `eq:CO_DiffPeturbEnrg' on page 5 undefined on input line 246.


LaTeX Warning: File `Images/29_2_Spec.png' not found on input line 252.


c:/Users/Oren Kereth/Dropbox/LAB C1/Molecular Spectroscopy/Report.tex:252: Package pdftex.def Error: File `Images/29_2_Spec.png' not found: using draft setting.

See the pdftex.def package documentation for explanation.
Type  H <return>  for immediate help
Try typing  <return>  to proceed.
If that doesn't work, type  X <return>  to quit.


LaTeX Warning: Reference `fig:ThinLinWidthFreq' on page 5 undefined on input line 256.


LaTeX Warning: File `Images/__linear_fit.png' not found on input line 259.


c:/Users/Oren Kereth/Dropbox/LAB C1/Molecular Spectroscopy/Report.tex:259: Package pdftex.def Error: File `Images/__linear_fit.png' not found: using draft setting.

See the pdftex.def package documentation for explanation.
Type  H <return>  for immediate help
Try typing  <return>  to proceed.
If that doesn't work, type  X <return>  to quit.

No file Report.bbl.

LaTeX Warning: `h' float specifier changed to `ht'.

[5]

LaTeX Warning: A float is stuck (cannot be placed); try class option [floatfix] on input line 264.


Package natbib Warning: There were undefined citations.

[6] (Report.aux)

LaTeX Warning: There were undefined references.


LaTeX Warning: Label(s) may have changed. Rerun to get cross-references right.

 ) 
Here is how much of TeX's memory you used:
 4540 strings out of 492945
 59171 string characters out of 3135493
 144758 words of memory out of 3000000
 8337 multiletter control sequences out of 15000+200000
 15554 words of font info for 57 fonts, out of 3000000 for 9000
 1141 hyphenation exceptions out of 8191
 41i,15n,29p,1219b,299s stack positions out of 5000i,500n,10000p,200000b,50000s
<C:/Program Files/MiKTeX 2.9/fonts/type1/public/amsfonts/cm/cmbx10.pfb><C:/Program Files/MiKTeX 2.9/fonts/type1/public/amsfonts/cm/cmbx12.pfb><C:/Program Files/MiKTeX 2.9/fonts/type1/public/amsfonts/cm/cmbx9.pfb><C:/Program Files/MiKTeX 2.9/fonts/type1/public/amsfonts/cm/cmex10.pfb><C:/Program Files/MiKTeX 2.9/fonts/type1/public/amsfonts/cm/cmmi10.pfb><C:/Program Files/MiKTeX 2.9/fonts/type1/public/amsfonts/cm/cmmi6.pfb><C:/Program Files/MiKTeX 2.9/fonts/type1/public/amsfonts/cm/cmmi7.pfb><C:/Program Files/MiKTeX 2.9/fonts/type1/public/amsfonts/cm/cmmi9.pfb><C:/Program Files/MiKTeX 2.9/fonts/type1/public/amsfonts/cm/cmmib10.pfb><C:/Program Files/MiKTeX 2.9/fonts/type1/public/amsfonts/cm/cmr10.pfb><C:/Program Files/MiKTeX 2.9/fonts/type1/public/amsfonts/cm/cmr5.pfb><C:/Program Files/MiKTeX 2.9/fonts/type1/public/amsfonts/cm/cmr6.pfb><C:/Program Files/MiKTeX 2.9/fonts/type1/public/amsfonts/cm/cmr7.pfb><C:/Program Files/MiKTeX 2.9/fonts/type1/public/amsfonts/cm/cmr9.pfb><C:/Program Files/MiKTeX 2.9/fonts/type1/public/amsfonts/cm/cmsy10.pfb><C:/Program Files/MiKTeX 2.9/fonts/type1/public/amsfonts/cm/cmsy5.pfb><C:/Program Files/MiKTeX 2.9/fonts/type1/public/amsfonts/cm/cmsy6.pfb><C:/Program Files/MiKTeX 2.9/fonts/type1/public/amsfonts/cm/cmsy7.pfb><C:/Program Files/MiKTeX 2.9/fonts/type1/public/amsfonts/cm/cmsy9.pfb><C:/Program Files/MiKTeX 2.9/fonts/type1/public/amsfonts/cm/cmti10.pfb><C:/Program Files/MiKTeX 2.9/fonts/type1/public/amsfonts/cm/cmti9.pfb><C:/Program Files/MiKTeX 2.9/fonts/type1/public/amsfonts/cm/cmtt9.pfb><C:/Program Files/MiKTeX 2.9/fonts/type1/public/amsfonts/symbols/msbm10.pfb>
Output written on Report.pdf (6 pages, 277334 bytes).
PDF statistics:
 113 PDF objects out of 1000 (max. 8388607)
 0 named destinations out of 1000 (max. 500000)
 1 words of extra memory for PDF output out of 10000 (max. 10000000)

